# JRE version: Java(TM) SE Runtime Environment (8.0_25-b18) (build 1.8.0_25-b18)
# Java VM: Java HotSpot(TM) 64-Bit Server VM (25.25-b02 mixed mode windows-amd64 compressed oops)
Heap:
 PSYoungGen      total 54784K, used 45728K [0x00000007bc400000, 0x00000007c0000000, 0x00000007c0000000)
  eden space 48128K, 91% used [0x00000007bc400000,0x00000007beef5a08,0x00000007bf300000)
  from space 6656K, 26% used [0x00000007bf980000,0x00000007bfb326a0,0x00000007c0000000)
  to   space 6656K, 0% used [0x00000007bf300000,0x00000007bf300000,0x00000007bf980000)
 ParOldGen       total 84480K, used 48635K [0x0000000700000000, 0x0000000705280000, 0x00000007bc400000)
  object space 84480K, 57% used [0x0000000700000000,0x0000000702f7efb0,0x0000000705280000)
 Metaspace       used 56105K, capacity 56513K, committed 57136K, reserved 1097728K
  class space    used 7839K, capacity 7945K, committed 7984K, reserved 1048576K
GC Heap History (10 events):
Event: 2105.045 GC heap before
{Heap before GC invocations=60 (full 6):
 PSYoungGen      total 54272K, used 47104K [0x00000007bc400000, 0x00000007c0000000, 0x00000007c0000000)
  eden space 47104K, 100% used [0x00000007bc400000,0x00000007bf200000,0x00000007bf200000)
  from space 7168K, 0% used [0x00000007bf200000,0x00000007bf200000,0x00000007bf900000)
  to   space 6656K, 0% used [0x00000007bf980000,0x00000007bf980000,0x00000007c0000000)
 ParOldGen       total 84480K, used 48603K [0x0000000700000000, 0x0000000705280000, 0x00000007bc400000)
  object space 84480K, 57% used [0x0000000700000000,0x0000000702f76fb0,0x0000000705280000)
 Metaspace       used 55047K, capacity 55413K, committed 55984K, reserved 1097728K
  class space    used 7753K, capacity 7815K, committed 7856K, reserved 1048576K
Event: 2105.056 GC heap after
Heap after GC invocations=60 (full 6):
 PSYoungGen      total 54784K, used 3065K [0x00000007bc400000, 0x00000007c0000000, 0x00000007c0000000)
  eden space 48128K, 0% used [0x00000007bc400000,0x00000007bc400000,0x00000007bf300000)
  from space 6656K, 46% used [0x00000007bf980000,0x00000007bfc7e758,0x00000007c0000000)
  to   space 6656K, 0% used [0x00000007bf300000,0x00000007bf300000,0x00000007bf980000)
 ParOldGen       total 84480K, used 48603K [0x0000000700000000, 0x0000000705280000, 0x00000007bc400000)
  object space 84480K, 57% used [0x0000000700000000,0x0000000702f76fb0,0x0000000705280000)
 Metaspace       used 55047K, capacity 55413K, committed 55984K, reserved 1097728K
  class space    used 7753K, capacity 7815K, committed 7856K, reserved 1048576K
}
Event: 2241.219 GC heap before
{Heap before GC invocations=61 (full 6):
 PSYoungGen      total 54784K, used 51193K [0x00000007bc400000, 0x00000007c0000000, 0x00000007c0000000)
  eden space 48128K, 100% used [0x00000007bc400000,0x00000007bf300000,0x00000007bf300000)
  from space 6656K, 46% used [0x00000007bf980000,0x00000007bfc7e758,0x00000007c0000000)
  to   space 6656K, 0% used [0x00000007bf300000,0x00000007bf300000,0x00000007bf980000)
 ParOldGen       total 84480K, used 48603K [0x0000000700000000, 0x0000000705280000, 0x00000007bc400000)
  object space 84480K, 57% used [0x0000000700000000,0x0000000702f76fb0,0x0000000705280000)
 Metaspace       used 55112K, capacity 55477K, committed 55984K, reserved 1097728K
  class space    used 7754K, capacity 7815K, committed 7856K, reserved 1048576K
Event: 2241.226 GC heap after
Heap after GC invocations=61 (full 6):
 PSYoungGen      total 54784K, used 2044K [0x00000007bc400000, 0x00000007c0000000, 0x00000007c0000000)
  eden space 48128K, 0% used [0x00000007bc400000,0x00000007bc400000,0x00000007bf300000)
  from space 6656K, 30% used [0x00000007bf300000,0x00000007bf4ff0d0,0x00000007bf980000)
  to   space 6656K, 0% used [0x00000007bf980000,0x00000007bf980000,0x00000007c0000000)
 ParOldGen       total 84480K, used 48611K [0x0000000700000000, 0x0000000705280000, 0x00000007bc400000)
  object space 84480K, 57% used [0x0000000700000000,0x0000000702f78fb0,0x0000000705280000)
 Metaspace       used 55112K, capacity 55477K, committed 55984K, reserved 1097728K
  class space    used 7754K, capacity 7815K, committed 7856K, reserved 1048576K
}
Event: 2447.552 GC heap before
{Heap before GC invocations=62 (full 6):
 PSYoungGen      total 54784K, used 50172K [0x00000007bc400000, 0x00000007c0000000, 0x00000007c0000000)
  eden space 48128K, 100% used [0x00000007bc400000,0x00000007bf300000,0x00000007bf300000)
  from space 6656K, 30% used [0x00000007bf300000,0x00000007bf4ff0d0,0x00000007bf980000)
  to   space 6656K, 0% used [0x00000007bf980000,0x00000007bf980000,0x00000007c0000000)
 ParOldGen       total 84480K, used 48611K [0x0000000700000000, 0x0000000705280000, 0x00000007bc400000)
  object space 84480K, 57% used [0x0000000700000000,0x0000000702f78fb0,0x0000000705280000)
 Metaspace       used 55427K, capacity 55829K, committed 56240K, reserved 1097728K
  class space    used 7776K, capacity 7847K, committed 7856K, reserved 1048576K
Event: 2447.560 GC heap after
Heap after GC invocations=62 (full 6):
 PSYoungGen      total 54784K, used 2396K [0x00000007bc400000, 0x00000007c0000000, 0x00000007c0000000)
  eden space 48128K, 0% used [0x00000007bc400000,0x00000007bc400000,0x00000007bf300000)
  from space 6656K, 36% used [0x00000007bf980000,0x00000007bfbd70d0,0x00000007c0000000)
  to   space 6656K, 0% used [0x00000007bf300000,0x00000007bf300000,0x00000007bf980000)
 ParOldGen       total 84480K, used 48619K [0x0000000700000000, 0x0000000705280000, 0x00000007bc400000)
  object space 84480K, 57% used [0x0000000700000000,0x0000000702f7afb0,0x0000000705280000)
 Metaspace       used 55427K, capacity 55829K, committed 56240K, reserved 1097728K
  class space    used 7776K, capacity 7847K, committed 7856K, reserved 1048576K
}
Event: 2546.509 GC heap before
{Heap before GC invocations=63 (full 6):
 PSYoungGen      total 54784K, used 50524K [0x00000007bc400000, 0x00000007c0000000, 0x00000007c0000000)
  eden space 48128K, 100% used [0x00000007bc400000,0x00000007bf300000,0x00000007bf300000)
  from space 6656K, 36% used [0x00000007bf980000,0x00000007bfbd70d0,0x00000007c0000000)
  to   space 6656K, 0% used [0x00000007bf300000,0x00000007bf300000,0x00000007bf980000)
 ParOldGen       total 84480K, used 48619K [0x0000000700000000, 0x0000000705280000, 0x00000007bc400000)
  object space 84480K, 57% used [0x0000000700000000,0x0000000702f7afb0,0x0000000705280000)
 Metaspace       used 56015K, capacity 56385K, committed 56880K, reserved 1097728K
  class space    used 7839K, capacity 7945K, committed 7984K, reserved 1048576K
Event: 2546.515 GC heap after
Heap after GC invocations=63 (full 6):
 PSYoungGen      total 54784K, used 1982K [0x00000007bc400000, 0x00000007c0000000, 0x00000007c0000000)
  eden space 48128K, 0% used [0x00000007bc400000,0x00000007bc400000,0x00000007bf300000)
  from space 6656K, 29% used [0x00000007bf300000,0x00000007bf4ef928,0x00000007bf980000)
  to   space 6656K, 0% used [0x00000007bf980000,0x00000007bf980000,0x00000007c0000000)
 ParOldGen       total 84480K, used 48627K [0x0000000700000000, 0x0000000705280000, 0x00000007bc400000)
  object space 84480K, 57% used [0x0000000700000000,0x0000000702f7cfb0,0x0000000705280000)
 Metaspace       used 56015K, capacity 56385K, committed 56880K, reserved 1097728K
  class space    used 7839K, capacity 7945K, committed 7984K, reserved 1048576K
}
Event: 2589.645 GC heap before
{Heap before GC invocations=64 (full 6):
 PSYoungGen      total 54784K, used 50110K [0x00000007bc400000, 0x00000007c0000000, 0x00000007c0000000)
  eden space 48128K, 100% used [0x00000007bc400000,0x00000007bf300000,0x00000007bf300000)
  from space 6656K, 29% used [0x00000007bf300000,0x00000007bf4ef928,0x00000007bf980000)
  to   space 6656K, 0% used [0x00000007bf980000,0x00000007bf980000,0x00000007c0000000)
 ParOldGen       total 84480K, used 48627K [0x0000000700000000, 0x0000000705280000, 0x00000007bc400000)
  object space 84480K, 57% used [0x0000000700000000,0x0000000702f7cfb0,0x0000000705280000)
 Metaspace       used 56079K, capacity 56513K, committed 57136K, reserved 1097728K
  class space    used 7839K, capacity 7945K, committed 7984K, reserved 1048576K
Event: 2589.652 GC heap after
Heap after GC invocations=64 (full 6):
 PSYoungGen      total 54784K, used 1737K [0x00000007bc400000, 0x00000007c0000000, 0x00000007c0000000)
  eden space 48128K, 0% used [0x00000007bc400000,0x00000007bc400000,0x00000007bf300000)
  from space 6656K, 26% used [0x00000007bf980000,0x00000007bfb326a0,0x00000007c0000000)
  to   space 6656K, 0% used [0x00000007bf300000,0x00000007bf300000,0x00000007bf980000)
 ParOldGen       total 84480K, used 48635K [0x0000000700000000, 0x0000000705280000, 0x00000007bc400000)
  object space 84480K, 57% used [0x0000000700000000,0x0000000702f7efb0,0x0000000705280000)
 Metaspace       used 56079K, capacity 56513K, committed 57136K, reserved 1097728K
  class space    used 7839K, capacity 7945K, committed 7984K, reserved 1048576K
}

