# JRE version: Java(TM) SE Runtime Environment (8.0_25-b18) (build 1.8.0_25-b18)
# Java VM: Java HotSpot(TM) 64-Bit Server VM (25.25-b02 mixed mode windows-amd64 compressed oops)
Heap:
 PSYoungGen      total 48128K, used 31698K [0x00000007bc400000, 0x00000007c0000000, 0x00000007c0000000)
  eden space 34304K, 86% used [0x00000007bc400000,0x00000007be0dbbd0,0x00000007be580000)
  from space 13824K, 15% used [0x00000007bf280000,0x00000007bf499020,0x00000007c0000000)
  to   space 13312K, 0% used [0x00000007be580000,0x00000007be580000,0x00000007bf280000)
 ParOldGen       total 132096K, used 37362K [0x0000000700000000, 0x0000000708100000, 0x00000007bc400000)
  object space 132096K, 28% used [0x0000000700000000,0x000000070247c8a0,0x0000000708100000)
 Metaspace       used 52479K, capacity 52815K, committed 53288K, reserved 1095680K
  class space    used 7551K, capacity 7638K, committed 7728K, reserved 1048576K
GC Heap History (10 events):
Event: 50.272 GC heap before
{Heap before GC invocations=22 (full 3):
 PSYoungGen      total 46080K, used 35125K [0x00000007bc400000, 0x00000007c0000000, 0x00000007c0000000)
  eden space 30208K, 100% used [0x00000007bc400000,0x00000007be180000,0x00000007be180000)
  from space 15872K, 30% used [0x00000007bf080000,0x00000007bf54d5f0,0x00000007c0000000)
  to   space 15360K, 0% used [0x00000007be180000,0x00000007be180000,0x00000007bf080000)
 ParOldGen       total 132096K, used 33398K [0x0000000700000000, 0x0000000708100000, 0x00000007bc400000)
  object space 132096K, 25% used [0x0000000700000000,0x000000070209db08,0x0000000708100000)
 Metaspace       used 51886K, capacity 52239K, committed 52648K, reserved 1093632K
  class space    used 7513K, capacity 7574K, committed 7600K, reserved 1048576K
Event: 50.283 GC heap after
Heap after GC invocations=22 (full 3):
 PSYoungGen      total 45568K, used 6014K [0x00000007bc400000, 0x00000007c0000000, 0x00000007c0000000)
  eden space 30208K, 0% used [0x00000007bc400000,0x00000007bc400000,0x00000007be180000)
  from space 15360K, 39% used [0x00000007be180000,0x00000007be75f800,0x00000007bf080000)
  to   space 14336K, 0% used [0x00000007bf200000,0x00000007bf200000,0x00000007c0000000)
 ParOldGen       total 132096K, used 33398K [0x0000000700000000, 0x0000000708100000, 0x00000007bc400000)
  object space 132096K, 25% used [0x0000000700000000,0x000000070209db08,0x0000000708100000)
 Metaspace       used 51886K, capacity 52239K, committed 52648K, reserved 1093632K
  class space    used 7513K, capacity 7574K, committed 7600K, reserved 1048576K
}
Event: 51.355 GC heap before
{Heap before GC invocations=23 (full 3):
 PSYoungGen      total 45568K, used 19940K [0x00000007bc400000, 0x00000007c0000000, 0x00000007c0000000)
  eden space 30208K, 46% used [0x00000007bc400000,0x00000007bd199b88,0x00000007be180000)
  from space 15360K, 39% used [0x00000007be180000,0x00000007be75f800,0x00000007bf080000)
  to   space 14336K, 0% used [0x00000007bf200000,0x00000007bf200000,0x00000007c0000000)
 ParOldGen       total 132096K, used 33398K [0x0000000700000000, 0x0000000708100000, 0x00000007bc400000)
  object space 132096K, 25% used [0x0000000700000000,0x000000070209db08,0x0000000708100000)
 Metaspace       used 51931K, capacity 52239K, committed 52648K, reserved 1093632K
  class space    used 7513K, capacity 7574K, committed 7600K, reserved 1048576K
Event: 51.364 GC heap after
Heap after GC invocations=23 (full 3):
 PSYoungGen      total 47616K, used 5288K [0x00000007bc400000, 0x00000007c0000000, 0x00000007c0000000)
  eden space 33280K, 0% used [0x00000007bc400000,0x00000007bc400000,0x00000007be480000)
  from space 14336K, 36% used [0x00000007bf200000,0x00000007bf72a0e0,0x00000007c0000000)
  to   space 13824K, 0% used [0x00000007be480000,0x00000007be480000,0x00000007bf200000)
 ParOldGen       total 132096K, used 33398K [0x0000000700000000, 0x0000000708100000, 0x00000007bc400000)
  object space 132096K, 25% used [0x0000000700000000,0x000000070209db08,0x0000000708100000)
 Metaspace       used 51931K, capacity 52239K, committed 52648K, reserved 1093632K
  class space    used 7513K, capacity 7574K, committed 7600K, reserved 1048576K
}
Event: 51.364 GC heap before
{Heap before GC invocations=24 (full 4):
 PSYoungGen      total 47616K, used 5288K [0x00000007bc400000, 0x00000007c0000000, 0x00000007c0000000)
  eden space 33280K, 0% used [0x00000007bc400000,0x00000007bc400000,0x00000007be480000)
  from space 14336K, 36% used [0x00000007bf200000,0x00000007bf72a0e0,0x00000007c0000000)
  to   space 13824K, 0% used [0x00000007be480000,0x00000007be480000,0x00000007bf200000)
 ParOldGen       total 132096K, used 33398K [0x0000000700000000, 0x0000000708100000, 0x00000007bc400000)
  object space 132096K, 25% used [0x0000000700000000,0x000000070209db08,0x0000000708100000)
 Metaspace       used 51931K, capacity 52239K, committed 52648K, reserved 1093632K
  class space    used 7513K, capacity 7574K, committed 7600K, reserved 1048576K
Event: 51.641 GC heap after
Heap after GC invocations=24 (full 4):
 PSYoungGen      total 47616K, used 0K [0x00000007bc400000, 0x00000007c0000000, 0x00000007c0000000)
  eden space 33280K, 0% used [0x00000007bc400000,0x00000007bc400000,0x00000007be480000)
  from space 14336K, 0% used [0x00000007bf200000,0x00000007bf200000,0x00000007c0000000)
  to   space 13824K, 0% used [0x00000007be480000,0x00000007be480000,0x00000007bf200000)
 ParOldGen       total 132096K, used 37346K [0x0000000700000000, 0x0000000708100000, 0x00000007bc400000)
  object space 132096K, 28% used [0x0000000700000000,0x00000007024788a0,0x0000000708100000)
 Metaspace       used 51931K, capacity 52239K, committed 52648K, reserved 1093632K
  class space    used 7513K, capacity 7574K, committed 7600K, reserved 1048576K
}
Event: 53.200 GC heap before
{Heap before GC invocations=25 (full 4):
 PSYoungGen      total 47616K, used 33280K [0x00000007bc400000, 0x00000007c0000000, 0x00000007c0000000)
  eden space 33280K, 100% used [0x00000007bc400000,0x00000007be480000,0x00000007be480000)
  from space 14336K, 0% used [0x00000007bf200000,0x00000007bf200000,0x00000007c0000000)
  to   space 13824K, 0% used [0x00000007be480000,0x00000007be480000,0x00000007bf200000)
 ParOldGen       total 132096K, used 37346K [0x0000000700000000, 0x0000000708100000, 0x00000007bc400000)
  object space 132096K, 28% used [0x0000000700000000,0x00000007024788a0,0x0000000708100000)
 Metaspace       used 52073K, capacity 52431K, committed 52904K, reserved 1095680K
  class space    used 7527K, capacity 7574K, committed 7600K, reserved 1048576K
Event: 53.206 GC heap after
Heap after GC invocations=25 (full 4):
 PSYoungGen      total 47104K, used 1592K [0x00000007bc400000, 0x00000007c0000000, 0x00000007c0000000)
  eden space 33280K, 0% used [0x00000007bc400000,0x00000007bc400000,0x00000007be480000)
  from space 13824K, 11% used [0x00000007be480000,0x00000007be60e1a8,0x00000007bf200000)
  to   space 13824K, 0% used [0x00000007bf280000,0x00000007bf280000,0x00000007c0000000)
 ParOldGen       total 132096K, used 37354K [0x0000000700000000, 0x0000000708100000, 0x00000007bc400000)
  object space 132096K, 28% used [0x0000000700000000,0x000000070247a8a0,0x0000000708100000)
 Metaspace       used 52073K, capacity 52431K, committed 52904K, reserved 1095680K
  class space    used 7527K, capacity 7574K, committed 7600K, reserved 1048576K
}
Event: 86.753 GC heap before
{Heap before GC invocations=26 (full 4):
 PSYoungGen      total 47104K, used 34872K [0x00000007bc400000, 0x00000007c0000000, 0x00000007c0000000)
  eden space 33280K, 100% used [0x00000007bc400000,0x00000007be480000,0x00000007be480000)
  from space 13824K, 11% used [0x00000007be480000,0x00000007be60e1a8,0x00000007bf200000)
  to   space 13824K, 0% used [0x00000007bf280000,0x00000007bf280000,0x00000007c0000000)
 ParOldGen       total 132096K, used 37354K [0x0000000700000000, 0x0000000708100000, 0x00000007bc400000)
  object space 132096K, 28% used [0x0000000700000000,0x000000070247a8a0,0x0000000708100000)
 Metaspace       used 52395K, capacity 52751K, committed 53288K, reserved 1095680K
  class space    used 7546K, capacity 7638K, committed 7728K, reserved 1048576K
Event: 86.759 GC heap after
Heap after GC invocations=26 (full 4):
 PSYoungGen      total 48128K, used 2148K [0x00000007bc400000, 0x00000007c0000000, 0x00000007c0000000)
  eden space 34304K, 0% used [0x00000007bc400000,0x00000007bc400000,0x00000007be580000)
  from space 13824K, 15% used [0x00000007bf280000,0x00000007bf499020,0x00000007c0000000)
  to   space 13312K, 0% used [0x00000007be580000,0x00000007be580000,0x00000007bf280000)
 ParOldGen       total 132096K, used 37362K [0x0000000700000000, 0x0000000708100000, 0x00000007bc400000)
  object space 132096K, 28% used [0x0000000700000000,0x000000070247c8a0,0x0000000708100000)
 Metaspace       used 52395K, capacity 52751K, committed 53288K, reserved 1095680K
  class space    used 7546K, capacity 7638K, committed 7728K, reserved 1048576K
}

