# JRE version: Java(TM) SE Runtime Environment (8.0_25-b18) (build 1.8.0_25-b18)
# Java VM: Java HotSpot(TM) 64-Bit Server VM (25.25-b02 mixed mode windows-amd64 compressed oops)
Heap:
 PSYoungGen      total 45568K, used 8093K [0x00000007bc400000, 0x00000007c0000000, 0x00000007c0000000)
  eden space 29696K, 19% used [0x00000007bc400000,0x00000007bc9cc2d8,0x00000007be100000)
  from space 15872K, 13% used [0x00000007be100000,0x00000007be31b300,0x00000007bf080000)
  to   space 15872K, 0% used [0x00000007bf080000,0x00000007bf080000,0x00000007c0000000)
 ParOldGen       total 136704K, used 66211K [0x0000000700000000, 0x0000000708580000, 0x00000007bc400000)
  object space 136704K, 48% used [0x0000000700000000,0x00000007040a8f30,0x0000000708580000)
 Metaspace       used 57832K, capacity 58197K, committed 58536K, reserved 1099776K
  class space    used 8291K, capacity 8351K, committed 8368K, reserved 1048576K
GC Heap History (10 events):
Event: 1137.217 GC heap before
{Heap before GC invocations=80 (full 6):
 PSYoungGen      total 43008K, used 13056K [0x00000007bc400000, 0x00000007c0000000, 0x00000007c0000000)
  eden space 31744K, 6% used [0x00000007bc400000,0x00000007bc60ac60,0x00000007be300000)
  from space 11264K, 97% used [0x00000007be300000,0x00000007bedb56f0,0x00000007bee00000)
  to   space 15360K, 0% used [0x00000007bf100000,0x00000007bf100000,0x00000007c0000000)
 ParOldGen       total 136704K, used 59202K [0x0000000700000000, 0x0000000708580000, 0x00000007bc400000)
  object space 136704K, 43% used [0x0000000700000000,0x00000007039d0a60,0x0000000708580000)
 Metaspace       used 57241K, capacity 57575K, committed 58024K, reserved 1099776K
  class space    used 8239K, capacity 8318K, committed 8368K, reserved 1048576K
Event: 1137.229 GC heap after
Heap after GC invocations=80 (full 6):
 PSYoungGen      total 46080K, used 10619K [0x00000007bc400000, 0x00000007c0000000, 0x00000007c0000000)
  eden space 30720K, 0% used [0x00000007bc400000,0x00000007bc400000,0x00000007be200000)
  from space 15360K, 69% used [0x00000007bf100000,0x00000007bfb5ed28,0x00000007c0000000)
  to   space 15360K, 0% used [0x00000007be200000,0x00000007be200000,0x00000007bf100000)
 ParOldGen       total 136704K, used 59202K [0x0000000700000000, 0x0000000708580000, 0x00000007bc400000)
  object space 136704K, 43% used [0x0000000700000000,0x00000007039d0a60,0x0000000708580000)
 Metaspace       used 57241K, capacity 57575K, committed 58024K, reserved 1099776K
  class space    used 8239K, capacity 8318K, committed 8368K, reserved 1048576K
}
Event: 1137.229 GC heap before
{Heap before GC invocations=81 (full 7):
 PSYoungGen      total 46080K, used 10619K [0x00000007bc400000, 0x00000007c0000000, 0x00000007c0000000)
  eden space 30720K, 0% used [0x00000007bc400000,0x00000007bc400000,0x00000007be200000)
  from space 15360K, 69% used [0x00000007bf100000,0x00000007bfb5ed28,0x00000007c0000000)
  to   space 15360K, 0% used [0x00000007be200000,0x00000007be200000,0x00000007bf100000)
 ParOldGen       total 136704K, used 59202K [0x0000000700000000, 0x0000000708580000, 0x00000007bc400000)
  object space 136704K, 43% used [0x0000000700000000,0x00000007039d0a60,0x0000000708580000)
 Metaspace       used 57241K, capacity 57575K, committed 58024K, reserved 1099776K
  class space    used 8239K, capacity 8318K, committed 8368K, reserved 1048576K
Event: 1137.631 GC heap after
Heap after GC invocations=81 (full 7):
 PSYoungGen      total 46080K, used 0K [0x00000007bc400000, 0x00000007c0000000, 0x00000007c0000000)
  eden space 30720K, 0% used [0x00000007bc400000,0x00000007bc400000,0x00000007be200000)
  from space 15360K, 0% used [0x00000007bf100000,0x00000007bf100000,0x00000007c0000000)
  to   space 15360K, 0% used [0x00000007be200000,0x00000007be200000,0x00000007bf100000)
 ParOldGen       total 136704K, used 66211K [0x0000000700000000, 0x0000000708580000, 0x00000007bc400000)
  object space 136704K, 48% used [0x0000000700000000,0x00000007040a8f30,0x0000000708580000)
 Metaspace       used 57241K, capacity 57575K, committed 58024K, reserved 1099776K
  class space    used 8239K, capacity 8318K, committed 8368K, reserved 1048576K
}
Event: 1139.363 GC heap before
{Heap before GC invocations=82 (full 7):
 PSYoungGen      total 46080K, used 30720K [0x00000007bc400000, 0x00000007c0000000, 0x00000007c0000000)
  eden space 30720K, 100% used [0x00000007bc400000,0x00000007be200000,0x00000007be200000)
  from space 15360K, 0% used [0x00000007bf100000,0x00000007bf100000,0x00000007c0000000)
  to   space 15360K, 0% used [0x00000007be200000,0x00000007be200000,0x00000007bf100000)
 ParOldGen       total 136704K, used 66211K [0x0000000700000000, 0x0000000708580000, 0x00000007bc400000)
  object space 136704K, 48% used [0x0000000700000000,0x00000007040a8f30,0x0000000708580000)
 Metaspace       used 57309K, capacity 57703K, committed 58280K, reserved 1099776K
  class space    used 8245K, capacity 8318K, committed 8368K, reserved 1048576K
Event: 1139.369 GC heap after
Heap after GC invocations=82 (full 7):
 PSYoungGen      total 32256K, used 1096K [0x00000007bc400000, 0x00000007c0000000, 0x00000007c0000000)
  eden space 30720K, 0% used [0x00000007bc400000,0x00000007bc400000,0x00000007be200000)
  from space 1536K, 71% used [0x00000007be200000,0x00000007be3122e8,0x00000007be380000)
  to   space 15872K, 0% used [0x00000007bf080000,0x00000007bf080000,0x00000007c0000000)
 ParOldGen       total 136704K, used 66211K [0x0000000700000000, 0x0000000708580000, 0x00000007bc400000)
  object space 136704K, 48% used [0x0000000700000000,0x00000007040a8f30,0x0000000708580000)
 Metaspace       used 57309K, capacity 57703K, committed 58280K, reserved 1099776K
  class space    used 8245K, capacity 8318K, committed 8368K, reserved 1048576K
}
Event: 1140.995 GC heap before
{Heap before GC invocations=83 (full 7):
 PSYoungGen      total 32256K, used 31815K [0x00000007bc400000, 0x00000007c0000000, 0x00000007c0000000)
  eden space 30720K, 99% used [0x00000007bc400000,0x00000007be1ffbf8,0x00000007be200000)
  from space 1536K, 71% used [0x00000007be200000,0x00000007be3122e8,0x00000007be380000)
  to   space 15872K, 0% used [0x00000007bf080000,0x00000007bf080000,0x00000007c0000000)
 ParOldGen       total 136704K, used 66211K [0x0000000700000000, 0x0000000708580000, 0x00000007bc400000)
  object space 136704K, 48% used [0x0000000700000000,0x00000007040a8f30,0x0000000708580000)
 Metaspace       used 57554K, capacity 57941K, committed 58280K, reserved 1099776K
  class space    used 8283K, capacity 8351K, committed 8368K, reserved 1048576K
Event: 1141.001 GC heap after
Heap after GC invocations=83 (full 7):
 PSYoungGen      total 45568K, used 2248K [0x00000007bc400000, 0x00000007c0000000, 0x00000007c0000000)
  eden space 29696K, 0% used [0x00000007bc400000,0x00000007bc400000,0x00000007be100000)
  from space 15872K, 14% used [0x00000007bf080000,0x00000007bf2b2178,0x00000007c0000000)
  to   space 15872K, 0% used [0x00000007be100000,0x00000007be100000,0x00000007bf080000)
 ParOldGen       total 136704K, used 66211K [0x0000000700000000, 0x0000000708580000, 0x00000007bc400000)
  object space 136704K, 48% used [0x0000000700000000,0x00000007040a8f30,0x0000000708580000)
 Metaspace       used 57554K, capacity 57941K, committed 58280K, reserved 1099776K
  class space    used 8283K, capacity 8351K, committed 8368K, reserved 1048576K
}
Event: 1219.973 GC heap before
{Heap before GC invocations=84 (full 7):
 PSYoungGen      total 45568K, used 31944K [0x00000007bc400000, 0x00000007c0000000, 0x00000007c0000000)
  eden space 29696K, 100% used [0x00000007bc400000,0x00000007be100000,0x00000007be100000)
  from space 15872K, 14% used [0x00000007bf080000,0x00000007bf2b2178,0x00000007c0000000)
  to   space 15872K, 0% used [0x00000007be100000,0x00000007be100000,0x00000007bf080000)
 ParOldGen       total 136704K, used 66211K [0x0000000700000000, 0x0000000708580000, 0x00000007bc400000)
  object space 136704K, 48% used [0x0000000700000000,0x00000007040a8f30,0x0000000708580000)
 Metaspace       used 57824K, capacity 58197K, committed 58536K, reserved 1099776K
  class space    used 8291K, capacity 8351K, committed 8368K, reserved 1048576K
Event: 1219.984 GC heap after
Heap after GC invocations=84 (full 7):
 PSYoungGen      total 45568K, used 2156K [0x00000007bc400000, 0x00000007c0000000, 0x00000007c0000000)
  eden space 29696K, 0% used [0x00000007bc400000,0x00000007bc400000,0x00000007be100000)
  from space 15872K, 13% used [0x00000007be100000,0x00000007be31b300,0x00000007bf080000)
  to   space 15872K, 0% used [0x00000007bf080000,0x00000007bf080000,0x00000007c0000000)
 ParOldGen       total 136704K, used 66211K [0x0000000700000000, 0x0000000708580000, 0x00000007bc400000)
  object space 136704K, 48% used [0x0000000700000000,0x00000007040a8f30,0x0000000708580000)
 Metaspace       used 57824K, capacity 58197K, committed 58536K, reserved 1099776K
  class space    used 8291K, capacity 8351K, committed 8368K, reserved 1048576K
}

